<?xml version="1.0" encoding="UTF-8"?>
<!-- Generated by org.testng.reporters.JUnitReportReporter -->
<testsuite hostname="LAPTOP-LQ0IL4VK" failures="0" tests="1" name="democart.SeleTestNG" time="92.008" errors="0" timestamp="2020-04-28T16:18:43 IST" skipped="0">
  <testcase classname="democart.SeleTestNG" name="function" time="92.008"/>
  <system-out/>
</testsuite> <!-- democart.SeleTestNG -->
