<?xml version="1.0" encoding="UTF-8"?>
<!-- Generated by org.testng.reporters.JUnitReportReporter -->
<testsuite hostname="LAPTOP-LQ0IL4VK" failures="0" tests="1" name="democart.Testcase" time="9.401" errors="0" timestamp="2020-05-28T21:20:32 IST" skipped="0">
  <testcase classname="democart.Testcase" name="testing" time="9.401"/>
  <system-out/>
</testsuite> <!-- democart.Testcase -->
