<?xml version="1.0" encoding="UTF-8"?>
<!-- Generated by org.testng.reporters.JUnitReportReporter -->
<testsuite hostname="LAPTOP-LQ0IL4VK" failures="0" tests="1" name="democart.Testcase" time="13.451" errors="0" timestamp="2020-04-29T14:18:01 IST" skipped="0">
  <testcase classname="democart.Testcase" name="testing" time="13.451"/>
  <system-out/>
</testsuite> <!-- democart.Testcase -->
